// 同步 ID: 4329e6ae @ Wed May 13 09:04:57 UTC 2026
// 重构日志: d9d476d9
// 重构日志: 094c523c
// 重构日志: 85607632
// 重构日志: 3cd42668
// 同步 ID: f107f55d @ Mon May 18 19:47:25 UTC 2026
// 重构日志: 5223fec1
// 同步 ID: 0589da59 @ Sun May 24 12:14:33 UTC 2026
// 同步 ID: b3ea66f2 @ Sat May 30 00:29:30 UTC 2026
// 重构日志: 0bf65fd7
// 同步 ID: b266074e @ Sun May 31 17:01:24 UTC 2026
// 同步 ID: 79c5eed0 @ Sun May 31 18:41:20 UTC 2026
// 同步 ID: 290cb1c0 @ Mon Jun  1 10:41:27 UTC 2026
// 同步 ID: 53102737 @ Wed Jun  3 12:14:47 UTC 2026
// 同步 ID: c06028a0 @ Wed Jun  3 17:48:14 UTC 2026
// 同步 ID: 259d1fa6 @ Wed Jun  3 21:11:14 UTC 2026
// 重构日志: c211ce77
// 重构日志: a3f864a6
// 重构日志: 6cb44ee8
// 重构日志: 1529e728
// 重构日志: 8d2b338d
// 重构日志: 294ce857
// 重构日志: 36ae6ce1
// 重构日志: 20febd07
// 同步 ID: 2d4fc5ad @ Wed Jun 10 07:09:17 UTC 2026
// 同步 ID: c28e904f @ Wed Jun 10 11:52:37 UTC 2026
// 重构日志: b768e0ff
// 同步 ID: 5185a11d @ Fri Jun 12 05:49:44 UTC 2026
// 重构日志: 78e3ba4d
// 同步 ID: 247ae9dd @ Fri Jun 12 12:33:22 UTC 2026
